\BOOKMARK [1][-]{section.1}{\376\377\000I\000n\000t\000r\000o\000d\000u\000c\000c\000i\000\363\000n}{}% 1
\BOOKMARK [2][-]{subsection.1.1}{\376\377\000O\000b\000j\000e\000t\000i\000v\000o\000s}{section.1}% 2
\BOOKMARK [2][-]{subsection.1.2}{\376\377\000A\000l\000c\000a\000n\000c\000e}{section.1}% 3
\BOOKMARK [2][-]{subsection.1.3}{\376\377\000M\000o\000t\000i\000v\000a\000c\000i\000\363\000n}{section.1}% 4
\BOOKMARK [2][-]{subsection.1.4}{\376\377\000R\000e\000q\000u\000i\000s\000i\000t\000o\000s\000\040\000f\000o\000r\000m\000a\000l\000e\000s}{section.1}% 5
\BOOKMARK [3][-]{subsubsection.1.4.1}{\376\377\000D\000o\000c\000u\000m\000e\000n\000t\000a\000c\000i\000\363\000n\000\040\000e\000\040\000i\000n\000f\000o\000r\000m\000a\000c\000i\000\363\000n}{subsection.1.4}% 6
\BOOKMARK [3][-]{subsubsection.1.4.2}{\376\377\000N\000o\000r\000m\000a\000t\000i\000v\000a\000s\000\040\000y\000\040\000c\000e\000r\000t\000i\000f\000i\000c\000a\000c\000i\000o\000n\000e\000s}{subsection.1.4}% 7
\BOOKMARK [3][-]{subsubsection.1.4.3}{\376\377\000P\000r\000o\000p\000u\000e\000s\000t\000a\000\040\000d\000e\000\040\000m\000e\000t\000o\000d\000o\000l\000o\000g\000\355\000a\000\040\000d\000e\000\040\000l\000a\000\040\000a\000u\000d\000i\000t\000o\000r\000\355\000a}{subsection.1.4}% 8
\BOOKMARK [3][-]{subsubsection.1.4.4}{\376\377\000S\000o\000b\000r\000e\000\040\000e\000l\000\040\000c\000a\000s\000o\000\040\000p\000r\000\341\000c\000t\000i\000c\000o}{subsection.1.4}% 9
\BOOKMARK [2][-]{subsection.1.5}{\376\377\000E\000s\000t\000r\000u\000c\000t\000u\000r\000a\000\040\000d\000e\000l\000\040\000d\000o\000c\000u\000m\000e\000n\000t\000o}{section.1}% 10
\BOOKMARK [1][-]{section.2}{\376\377\000P\000l\000a\000n\000i\000f\000i\000c\000a\000c\000i\000\363\000n}{}% 11
\BOOKMARK [2][-]{subsection.2.1}{\376\377\000F\000a\000s\000e\000s\000\040\000y\000\040\000l\000i\000s\000t\000a\000\040\000d\000e\000\040\000a\000c\000t\000i\000v\000i\000d\000a\000d\000e\000s}{section.2}% 12
\BOOKMARK [2][-]{subsection.2.2}{\376\377\000C\000r\000o\000n\000o\000g\000r\000a\000m\000a}{section.2}% 13
\BOOKMARK [2][-]{subsection.2.3}{\376\377\000R\000o\000l\000e\000s\000\040\000y\000\040\000r\000e\000s\000p\000o\000n\000s\000a\000b\000i\000l\000i\000d\000a\000d\000e\000s}{section.2}% 14
\BOOKMARK [2][-]{subsection.2.4}{\376\377\000R\000e\000c\000u\000r\000s\000o\000s}{section.2}% 15
\BOOKMARK [3][-]{subsubsection.2.4.1}{\376\377\000R\000e\000c\000u\000r\000s\000o\000s\000\040\000H\000u\000m\000a\000n\000o\000s}{subsection.2.4}% 16
\BOOKMARK [3][-]{subsubsection.2.4.2}{\376\377\000R\000e\000c\000u\000r\000s\000o\000s\000\040\000M\000a\000t\000e\000r\000i\000a\000l\000e\000s}{subsection.2.4}% 17
\BOOKMARK [3][-]{subsubsection.2.4.3}{\376\377\000C\000o\000s\000t\000o\000s\000\040\000A\000s\000o\000c\000i\000a\000d\000o\000s}{subsection.2.4}% 18
\BOOKMARK [2][-]{subsection.2.5}{\376\377\000E\000s\000t\000i\000m\000a\000c\000i\000\363\000n\000\040\000d\000e\000\040\000C\000o\000s\000t\000e\000s}{section.2}% 19
\BOOKMARK [1][-]{section.3}{\376\377\000F\000u\000n\000d\000a\000m\000e\000n\000t\000o\000s\000\040\000t\000e\000\363\000r\000i\000c\000o\000s\000\040\000p\000a\000r\000a\000\040\000u\000n\000a\000\040\000a\000u\000d\000i\000t\000o\000r\000\355\000a\000\040\000d\000e\000\040\000c\000i\000b\000e\000r\000s\000e\000g\000u\000r\000i\000d\000a\000d\000\040\000e\000n\000\040\000P\000Y\000M\000E\000s}{}% 20
\BOOKMARK [2][-]{subsection.3.1}{\376\377\000P\000r\000i\000n\000c\000i\000p\000a\000l\000e\000s\000\040\000a\000m\000e\000n\000a\000z\000a\000s\000\040\000y\000\040\000r\000i\000e\000s\000g\000o\000s\000\040\000p\000a\000r\000a\000\040\000P\000Y\000M\000E\000s}{section.3}% 21
\BOOKMARK [2][-]{subsection.3.2}{\376\377\000P\000l\000a\000n\000e\000s\000\040\000d\000e\000\040\000M\000i\000t\000i\000g\000a\000c\000i\000\363\000n}{section.3}% 22
\BOOKMARK [2][-]{subsection.3.3}{\376\377\000B\000u\000e\000n\000a\000s\000\040\000p\000r\000\341\000c\000t\000i\000c\000a\000s}{section.3}% 23
\BOOKMARK [3][-]{subsubsection.3.3.1}{\376\377\000B\000u\000e\000n\000a\000s\000\040\000p\000r\000\341\000c\000t\000i\000c\000a\000s\000\040\000e\000n\000\040\000P\000Y\000M\000E\000S}{subsection.3.3}% 24
\BOOKMARK [3][-]{subsubsection.3.3.2}{\376\377\000B\000u\000e\000n\000a\000s\000\040\000p\000r\000\341\000c\000t\000i\000c\000a\000s\000\040\000e\000n\000\040\000a\000u\000d\000i\000t\000o\000r\000\355\000a\000s\000\040\000d\000e\000\040\000c\000i\000b\000e\000r\000s\000e\000g\000u\000r\000i\000d\000a\000d}{subsection.3.3}% 25
\BOOKMARK [2][-]{subsection.3.4}{\376\377\000M\000a\000r\000c\000o\000\040\000R\000e\000g\000u\000l\000a\000t\000o\000r\000i\000o\000\040\000y\000\040\000M\000e\000t\000o\000d\000o\000l\000\363\000g\000i\000c\000o\000\040\000e\000n\000\040\000C\000i\000b\000e\000r\000s\000e\000g\000u\000r\000i\000d\000a\000d}{section.3}% 26
\BOOKMARK [3][-]{subsubsection.3.4.1}{\376\377\000O\000r\000g\000a\000n\000i\000s\000m\000o\000s\000\040\000R\000e\000g\000u\000l\000a\000d\000o\000r\000e\000s\000\040\000e\000n\000\040\000C\000i\000b\000e\000r\000s\000e\000g\000u\000r\000i\000d\000a\000d}{subsection.3.4}% 27
\BOOKMARK [3][-]{subsubsection.3.4.2}{\376\377\000O\000t\000r\000o\000s\000\040\000O\000r\000g\000a\000n\000i\000s\000m\000o\000s\000\040\000I\000n\000t\000e\000r\000n\000a\000c\000i\000o\000n\000a\000l\000e\000s}{subsection.3.4}% 28
\BOOKMARK [3][-]{subsubsection.3.4.3}{\376\377\000N\000o\000r\000m\000a\000t\000i\000v\000a\000s\000\040\000y\000\040\000E\000s\000t\000\341\000n\000d\000a\000r\000e\000s\000\040\000A\000p\000l\000i\000c\000a\000b\000l\000e\000s}{subsection.3.4}% 29
\BOOKMARK [3][-]{subsubsection.3.4.4}{\376\377\000M\000e\000t\000o\000d\000o\000l\000o\000g\000\355\000a\000s\000\040\000d\000e\000\040\000A\000u\000d\000i\000t\000o\000r\000\355\000a\000\040\000e\000n\000\040\000C\000i\000b\000e\000r\000s\000e\000g\000u\000r\000i\000d\000a\000d}{subsection.3.4}% 30
\BOOKMARK [2][-]{subsection.3.5}{\376\377\000H\000e\000r\000r\000a\000m\000i\000e\000n\000t\000a\000s\000\040\000d\000e\000\040\000p\000e\000n\000t\000e\000s\000t\000i\000n\000g}{section.3}% 31
\BOOKMARK [2][-]{subsection.3.6}{\376\377\000C\000e\000r\000t\000i\000f\000i\000c\000a\000c\000i\000o\000n\000e\000s\000\040\000d\000e\000l\000\040\000s\000e\000c\000t\000o\000r}{section.3}% 32
\BOOKMARK [1][-]{section.4}{\376\377\000M\000e\000t\000o\000d\000o\000l\000o\000g\000\355\000a\000\040\000e\000l\000e\000g\000i\000d\000a\000:\000\040\000N\000I\000S\000T\000\040\000S\000P\000\040\0008\0000\0000\000-\0001\0001\0005}{}% 33
\BOOKMARK [2][-]{subsection.4.1}{\376\377\000F\000a\000s\000e\000\040\000d\000e\000\040\000P\000l\000a\000n\000i\000f\000i\000c\000a\000c\000i\000\363\000n\000\040\000\050\000P\000l\000a\000n\000n\000i\000n\000g\000\040\000P\000h\000a\000s\000e\000\051}{section.4}% 34
\BOOKMARK [2][-]{subsection.4.2}{\376\377\000F\000a\000s\000e\000\040\000d\000e\000\040\000D\000e\000s\000c\000u\000b\000r\000i\000m\000i\000e\000n\000t\000o\000\040\000\050\000D\000i\000s\000c\000o\000v\000e\000r\000y\000\040\000P\000h\000a\000s\000e\000\051}{section.4}% 35
\BOOKMARK [2][-]{subsection.4.3}{\376\377\000F\000a\000s\000e\000\040\000d\000e\000\040\000A\000t\000a\000q\000u\000e\000\040\000\050\000A\000t\000t\000a\000c\000k\000\040\000P\000h\000a\000s\000e\000\051}{section.4}% 36
\BOOKMARK [2][-]{subsection.4.4}{\376\377\000F\000a\000s\000e\000\040\000d\000e\000\040\000R\000e\000p\000o\000r\000t\000e\000\040\000\050\000R\000e\000p\000o\000r\000t\000i\000n\000g\000\040\000P\000h\000a\000s\000e\000\051}{section.4}% 37
\BOOKMARK [1][-]{section.5}{\376\377\000M\000o\000d\000e\000l\000o\000\040\000d\000e\000\040\000a\000u\000d\000i\000t\000o\000r\000\355\000a}{}% 38
\BOOKMARK [2][-]{subsection.5.1}{\376\377\000D\000i\000s\000e\000\361\000o\000\040\000p\000r\000o\000p\000u\000e\000s\000t\000o\000\040\000p\000o\000r\000\040\000B\000e\000e\000H\000a\000c\000k\000e\000r}{section.5}% 39
\BOOKMARK [3][-]{subsubsection.5.1.1}{\376\377\000A\000n\000\341\000l\000i\000s\000i\000s\000\040\000d\000e\000l\000\040\000P\000e\000r\000\355\000m\000e\000t\000r\000o\000\040\000d\000e\000\040\000R\000e\000d}{subsection.5.1}% 40
\BOOKMARK [3][-]{subsubsection.5.1.2}{\376\377\000F\000i\000n\000g\000e\000r\000p\000r\000i\000n\000t\000\040\000\050\000R\000e\000c\000o\000n\000o\000c\000i\000m\000i\000e\000n\000t\000o\000\040\000I\000n\000t\000e\000r\000n\000o\000\051}{subsection.5.1}% 41
\BOOKMARK [3][-]{subsubsection.5.1.3}{\376\377\000O\000S\000I\000N\000T\000\040\000e\000\040\000I\000n\000g\000e\000n\000i\000e\000r\000\355\000a\000\040\000S\000o\000c\000i\000a\000l}{subsection.5.1}% 42
\BOOKMARK [3][-]{subsubsection.5.1.4}{\376\377\000S\000e\000g\000u\000r\000i\000d\000a\000d\000\040\000e\000n\000\040\000I\000o\000T}{subsection.5.1}% 43
\BOOKMARK [3][-]{subsubsection.5.1.5}{\376\377\000A\000u\000d\000i\000t\000o\000r\000\355\000a\000\040\000W\000e\000b}{subsection.5.1}% 44
\BOOKMARK [3][-]{subsubsection.5.1.6}{\376\377\000S\000e\000g\000u\000r\000i\000d\000a\000d\000\040\000d\000e\000\040\000l\000a\000\040\000I\000n\000f\000r\000a\000e\000s\000t\000r\000u\000c\000t\000u\000r\000a}{subsection.5.1}% 45
\BOOKMARK [3][-]{subsubsection.5.1.7}{\376\377\000S\000e\000g\000u\000r\000i\000d\000a\000d\000\040\000d\000e\000\040\000E\000n\000d\000p\000o\000i\000n\000t\000s\000\040\000y\000\040\000D\000a\000t\000o\000s}{subsection.5.1}% 46
\BOOKMARK [1][-]{section.6}{\376\377\000R\000e\000q\000u\000i\000s\000i\000t\000o\000s\000\040\000p\000r\000e\000v\000i\000o\000s\000\040\000a\000\040\000l\000a\000\040\000a\000u\000d\000i\000t\000o\000r\000\355\000a}{}% 47
\BOOKMARK [1][-]{section.7}{\376\377\000P\000r\000o\000p\000u\000e\000s\000t\000a\000\040\000m\000e\000t\000o\000d\000o\000l\000\363\000g\000i\000c\000a\000\040\000d\000e\000\040\000a\000u\000d\000i\000t\000o\000r\000\355\000a}{}% 48
\BOOKMARK [2][-]{subsection.7.1}{\376\377\000F\000a\000s\000e\000\040\000d\000e\000\040\000P\000l\000a\000n\000i\000f\000i\000c\000a\000c\000i\000\363\000n\000\040\000d\000e\000\040\000l\000a\000\040\000A\000u\000d\000i\000t\000o\000r\000\355\000a}{section.7}% 49
\BOOKMARK [2][-]{subsection.7.2}{\376\377\000F\000a\000s\000e\000\040\000d\000e\000\040\000D\000e\000s\000c\000u\000b\000r\000i\000m\000i\000e\000n\000t\000o\000\040\000d\000e\000\040\000l\000a\000\040\000A\000u\000d\000i\000t\000o\000r\000\355\000a}{section.7}% 50
\BOOKMARK [3][-]{subsubsection.7.2.1}{\376\377\000A\000n\000\341\000l\000i\000s\000i\000s\000\040\000E\000x\000t\000e\000r\000n\000o\000\040\000d\000e\000\040\000R\000e\000d\000e\000s\000\040\000I\000n\000a\000l\000\341\000m\000b\000r\000i\000c\000a\000s}{subsection.7.2}% 51
\BOOKMARK [3][-]{subsubsection.7.2.2}{\376\377\000A\000n\000\341\000l\000i\000s\000i\000s\000\040\000I\000n\000t\000e\000r\000n\000o\000\040\000d\000e\000\040\000R\000e\000d\000e\000s\000\040\000\050\000F\000i\000n\000g\000e\000r\000p\000r\000i\000n\000t\000\051}{subsection.7.2}% 52
\BOOKMARK [3][-]{subsubsection.7.2.3}{\376\377\000A\000n\000\341\000l\000i\000s\000i\000s\000\040\000I\000n\000t\000e\000r\000n\000o\000\040\000d\000e\000\040\000T\000r\000\341\000f\000i\000c\000o\000\040\000d\000e\000\040\000R\000e\000d}{subsection.7.2}% 53
\BOOKMARK [3][-]{subsubsection.7.2.4}{\376\377\000A\000n\000\341\000l\000i\000s\000i\000s\000\040\000d\000e\000\040\000v\000u\000l\000n\000e\000r\000a\000b\000i\000l\000i\000d\000a\000d\000e\000s}{subsection.7.2}% 54
\BOOKMARK [3][-]{subsubsection.7.2.5}{\376\377\000C\000l\000a\000s\000i\000f\000i\000c\000a\000c\000i\000\363\000n\000\040\000d\000e\000\040\000v\000u\000l\000n\000e\000r\000a\000b\000i\000l\000i\000d\000a\000d\000e\000s}{subsection.7.2}% 55
\BOOKMARK [3][-]{subsubsection.7.2.6}{\376\377\000O\000S\000I\000N\000T\000\040\000e\000\040\000I\000n\000g\000e\000n\000i\000e\000r\000\355\000a\000\040\000S\000o\000c\000i\000a\000l}{subsection.7.2}% 56
\BOOKMARK [2][-]{subsection.7.3}{\376\377\000F\000a\000s\000e\000\040\000d\000e\000\040\000A\000t\000a\000q\000u\000e\000\040\000d\000e\000\040\000l\000a\000\040\000A\000u\000d\000i\000t\000o\000r\000\355\000a}{section.7}% 57
\BOOKMARK [2][-]{subsection.7.4}{\376\377\000F\000a\000s\000e\000\040\000d\000e\000\040\000R\000e\000p\000o\000r\000t\000e\000\040\000d\000e\000\040\000l\000a\000\040\000A\000u\000d\000i\000t\000o\000r\000\355\000a}{section.7}% 58
\BOOKMARK [3][-]{subsubsection.7.4.1}{\376\377\000O\000b\000j\000e\000t\000i\000v\000o\000s\000\040\000d\000e\000\040\000l\000a\000\040\000f\000a\000s\000e\000\040\000d\000e\000\040\000r\000e\000p\000o\000r\000t\000e}{subsection.7.4}% 59
\BOOKMARK [3][-]{subsubsection.7.4.2}{\376\377\000I\000n\000f\000o\000r\000m\000e\000\040\000T\000\351\000c\000n\000i\000c\000o\000\040\000d\000e\000t\000a\000l\000l\000a\000d\000o}{subsection.7.4}% 60
\BOOKMARK [3][-]{subsubsection.7.4.3}{\376\377\000I\000n\000f\000o\000r\000m\000e\000\040\000E\000j\000e\000c\000u\000t\000i\000v\000o}{subsection.7.4}% 61
\BOOKMARK [3][-]{subsubsection.7.4.4}{\376\377\000C\000o\000m\000p\000a\000r\000a\000t\000i\000v\000a\000\040\000e\000n\000t\000r\000e\000\040\000i\000n\000f\000o\000r\000m\000e\000\040\000e\000j\000e\000c\000u\000t\000i\000v\000o\000\040\000y\000\040\000t\000\351\000c\000n\000i\000c\000o}{subsection.7.4}% 62
\BOOKMARK [3][-]{subsubsection.7.4.5}{\376\377\000E\000v\000a\000l\000u\000a\000c\000i\000\363\000n\000\040\000d\000e\000\040\000R\000i\000e\000s\000g\000o\000s}{subsection.7.4}% 63
\BOOKMARK [3][-]{subsubsection.7.4.6}{\376\377\000P\000l\000a\000n\000\040\000d\000e\000\040\000M\000i\000t\000i\000g\000a\000c\000i\000\363\000n\000\040\000d\000e\000\040\000R\000i\000e\000s\000g\000o\000s}{subsection.7.4}% 64
\BOOKMARK [1][-]{section.8}{\376\377\000C\000a\000s\000o\000\040\000P\000r\000\341\000c\000t\000i\000c\000o}{}% 65
\BOOKMARK [2][-]{subsection.8.1}{\376\377\000I\000m\000p\000l\000e\000m\000e\000n\000t\000a\000c\000i\000\363\000n\000\040\000d\000e\000\040\000l\000a\000\040\000a\000u\000d\000i\000t\000o\000r\000\355\000a}{section.8}% 66
\BOOKMARK [2][-]{subsection.8.2}{\376\377\000P\000l\000a\000n\000i\000f\000i\000c\000a\000c\000i\000\363\000n\000\040\000d\000e\000\040\000l\000a\000\040\000a\000u\000d\000i\000t\000o\000r\000\355\000a}{section.8}% 67
\BOOKMARK [1][-]{section.9}{\376\377\000R\000e\000s\000u\000l\000t\000a\000d\000o\000s}{}% 68
\BOOKMARK [1][-]{section.10}{\376\377\000C\000o\000n\000c\000l\000u\000s\000i\000o\000n\000e\000s}{}% 69
\BOOKMARK [1][-]{section.11}{\376\377\000A\000n\000e\000x\000o\000s}{}% 70
\BOOKMARK [2][-]{subsection.11.1}{\376\377\000A\000n\000e\000x\000o\000\040\000I\000.\000\040\000R\000e\000g\000i\000s\000t\000r\000o\000\040\000d\000e\000\040\000a\000c\000t\000i\000v\000i\000d\000a\000d\000e\000s\000\040\000e\000n\000\040\000C\000l\000o\000c\000k\000i\000f\000y}{section.11}% 71
\BOOKMARK [2][-]{subsection.11.2}{\376\377\000A\000n\000e\000x\000o\000\040\000I\000I\000.\000\040\000E\000n\000l\000a\000c\000e\000s\000\040\000o\000f\000i\000c\000i\000a\000l\000e\000s\000\040\000d\000e\000\040\000h\000e\000r\000r\000a\000m\000i\000e\000n\000t\000a\000s\000\040\000d\000e\000\040\000p\000e\000n\000t\000e\000s\000t\000i\000n\000g}{section.11}% 72
\BOOKMARK [2][-]{subsection.11.3}{\376\377\000A\000n\000e\000x\000o\000\040\000I\000I\000I\000:\000\040\000G\000l\000o\000s\000a\000r\000i\000o\000\040\000d\000e\000\040\000t\000\351\000r\000m\000i\000n\000o\000s}{section.11}% 73
\BOOKMARK [2][-]{subsection.11.4}{\376\377\000A\000n\000e\000x\000o\000\040\000I\000V\000:\000\040\000P\000a\000r\000\341\000m\000e\000t\000r\000o\000s\000\040\000a\000v\000a\000n\000z\000a\000d\000o\000s\000\040\000d\000e\000\040\000N\000m\000a\000p}{section.11}% 74
